--------------------------------------------------------------------------------
Release 14.7 Trace  (nt64)
Copyright (c) 1995-2013 Xilinx, Inc.  All rights reserved.

C:\Xilinx\14.7\ISE_DS\ISE\bin\nt64\unwrapped\trce.exe -intstyle ise -v 3 -s 3
-n 3 -fastpaths -xml my8255A_preroute.twx my8255A_map.ncd -o
my8255A_preroute.twr my8255A.pcf

Design file:              my8255A_map.ncd
Physical constraint file: my8255A.pcf
Device,package,speed:     xc7a100t,csg324,C,-3 (PRODUCTION 1.10 2013-10-13)
Report level:             verbose report

Environment Variable      Effect 
--------------------      ------ 
NONE                      No environment variables were set
--------------------------------------------------------------------------------

INFO:Timing:2698 - No timing constraints found, doing default enumeration.
INFO:Timing:3412 - To improve timing, see the Timing Closure User Guide (UG612).
INFO:Timing:2752 - To get complete path coverage, use the unconstrained paths 
   option. All paths that are not constrained will be reported in the 
   unconstrained paths section(s) of the report.
INFO:Timing:3284 - This timing report was generated using estimated delay 
   information.  For accurate numbers, please refer to the post Place and Route 
   timing report.
INFO:Timing:3339 - The clock-to-out numbers in this timing report are based on 
   a 50 Ohm transmission line loading model.  For the details of this model, 
   and for more information on accounting for different loading conditions, 
   please see the device datasheet.



Data Sheet report:
-----------------
All values displayed in nanoseconds (ns)

Setup/Hold to clock ACK
------------+------------+------------+------------+------------+--------------------+--------+
            |Max Setup to|  Process   |Max Hold to |  Process   |                    | Clock  |
Source      | clk (edge) |   Corner   | clk (edge) |   Corner   |Internal Clock(s)   | Phase  |
------------+------------+------------+------------+------------+--------------------+--------+
SD<0>       |   -1.610(F)|      FAST  |    2.228(F)|      SLOW  |ACK_GND_1_o_AND_25_o|   0.000|
SD<1>       |   -1.319(F)|      FAST  |    1.937(F)|      SLOW  |ACK_GND_1_o_AND_25_o|   0.000|
SD<2>       |   -1.428(F)|      FAST  |    2.046(F)|      SLOW  |ACK_GND_1_o_AND_25_o|   0.000|
SD<3>       |   -1.287(F)|      FAST  |    1.905(F)|      SLOW  |ACK_GND_1_o_AND_25_o|   0.000|
SD<4>       |   -1.464(F)|      FAST  |    2.082(F)|      SLOW  |ACK_GND_1_o_AND_25_o|   0.000|
SD<5>       |   -1.181(F)|      FAST  |    1.799(F)|      SLOW  |ACK_GND_1_o_AND_25_o|   0.000|
SD<6>       |   -1.148(F)|      FAST  |    1.766(F)|      SLOW  |ACK_GND_1_o_AND_25_o|   0.000|
SD<7>       |   -1.151(F)|      FAST  |    1.769(F)|      SLOW  |ACK_GND_1_o_AND_25_o|   0.000|
------------+------------+------------+------------+------------+--------------------+--------+

Setup/Hold to clock AEN
------------+------------+------------+------------+------------+--------------------+--------+
            |Max Setup to|  Process   |Max Hold to |  Process   |                    | Clock  |
Source      | clk (edge) |   Corner   | clk (edge) |   Corner   |Internal Clock(s)   | Phase  |
------------+------------+------------+------------+------------+--------------------+--------+
SD<0>       |   -2.650(F)|      FAST  |    3.372(F)|      SLOW  |ACK_GND_1_o_AND_25_o|   0.000|
SD<1>       |   -2.359(F)|      FAST  |    3.081(F)|      SLOW  |ACK_GND_1_o_AND_25_o|   0.000|
            |   -2.073(F)|      SLOW  |    2.721(F)|      SLOW  |CSA                 |   0.000|
SD<2>       |   -2.468(F)|      FAST  |    3.190(F)|      SLOW  |ACK_GND_1_o_AND_25_o|   0.000|
SD<3>       |   -2.327(F)|      FAST  |    3.049(F)|      SLOW  |ACK_GND_1_o_AND_25_o|   0.000|
SD<4>       |   -2.504(F)|      FAST  |    3.226(F)|      SLOW  |ACK_GND_1_o_AND_25_o|   0.000|
SD<5>       |   -2.221(F)|      FAST  |    2.943(F)|      SLOW  |ACK_GND_1_o_AND_25_o|   0.000|
SD<6>       |   -2.188(F)|      FAST  |    2.910(F)|      SLOW  |ACK_GND_1_o_AND_25_o|   0.000|
SD<7>       |   -2.191(F)|      FAST  |    2.913(F)|      SLOW  |ACK_GND_1_o_AND_25_o|   0.000|
------------+------------+------------+------------+------------+--------------------+--------+

Setup/Hold to clock IOW
------------+------------+------------+------------+------------+--------------------+--------+
            |Max Setup to|  Process   |Max Hold to |  Process   |                    | Clock  |
Source      | clk (edge) |   Corner   | clk (edge) |   Corner   |Internal Clock(s)   | Phase  |
------------+------------+------------+------------+------------+--------------------+--------+
SD<0>       |   -1.468(F)|      FAST  |    2.086(F)|      SLOW  |ACK_GND_1_o_AND_25_o|   0.000|
SD<1>       |   -1.177(F)|      FAST  |    1.795(F)|      SLOW  |ACK_GND_1_o_AND_25_o|   0.000|
SD<2>       |   -1.286(F)|      FAST  |    1.904(F)|      SLOW  |ACK_GND_1_o_AND_25_o|   0.000|
SD<3>       |   -1.145(F)|      FAST  |    1.763(F)|      SLOW  |ACK_GND_1_o_AND_25_o|   0.000|
SD<4>       |   -1.322(F)|      FAST  |    1.940(F)|      SLOW  |ACK_GND_1_o_AND_25_o|   0.000|
SD<5>       |   -1.039(F)|      FAST  |    1.657(F)|      SLOW  |ACK_GND_1_o_AND_25_o|   0.000|
SD<6>       |   -1.006(F)|      FAST  |    1.624(F)|      SLOW  |ACK_GND_1_o_AND_25_o|   0.000|
SD<7>       |   -1.009(F)|      FAST  |    1.627(F)|      SLOW  |ACK_GND_1_o_AND_25_o|   0.000|
------------+------------+------------+------------+------------+--------------------+--------+

Setup/Hold to clock SA<0>
------------+------------+------------+------------+------------+--------------------+--------+
            |Max Setup to|  Process   |Max Hold to |  Process   |                    | Clock  |
Source      | clk (edge) |   Corner   | clk (edge) |   Corner   |Internal Clock(s)   | Phase  |
------------+------------+------------+------------+------------+--------------------+--------+
SD<0>       |   -1.390(F)|      FAST  |    2.008(F)|      SLOW  |ACK_GND_1_o_AND_25_o|   0.000|
SD<1>       |   -1.099(F)|      FAST  |    1.717(F)|      SLOW  |ACK_GND_1_o_AND_25_o|   0.000|
            |   -1.030(F)|      SLOW  |    1.684(F)|      FAST  |CSA                 |   0.000|
SD<2>       |   -1.208(F)|      FAST  |    1.826(F)|      SLOW  |ACK_GND_1_o_AND_25_o|   0.000|
SD<3>       |   -1.067(F)|      FAST  |    1.685(F)|      SLOW  |ACK_GND_1_o_AND_25_o|   0.000|
SD<4>       |   -1.244(F)|      FAST  |    1.862(F)|      SLOW  |ACK_GND_1_o_AND_25_o|   0.000|
SD<5>       |   -0.961(F)|      FAST  |    1.579(F)|      SLOW  |ACK_GND_1_o_AND_25_o|   0.000|
SD<6>       |   -0.928(F)|      FAST  |    1.546(F)|      SLOW  |ACK_GND_1_o_AND_25_o|   0.000|
SD<7>       |   -0.931(F)|      FAST  |    1.549(F)|      SLOW  |ACK_GND_1_o_AND_25_o|   0.000|
------------+------------+------------+------------+------------+--------------------+--------+

Setup/Hold to clock SA<1>
------------+------------+------------+------------+------------+--------------------+--------+
            |Max Setup to|  Process   |Max Hold to |  Process   |                    | Clock  |
Source      | clk (edge) |   Corner   | clk (edge) |   Corner   |Internal Clock(s)   | Phase  |
------------+------------+------------+------------+------------+--------------------+--------+
SD<0>       |   -2.397(F)|      FAST  |    3.119(F)|      SLOW  |ACK_GND_1_o_AND_25_o|   0.000|
SD<1>       |   -2.106(F)|      FAST  |    2.828(F)|      SLOW  |ACK_GND_1_o_AND_25_o|   0.000|
            |   -1.820(F)|      SLOW  |    2.468(F)|      SLOW  |CSA                 |   0.000|
SD<2>       |   -2.215(F)|      FAST  |    2.937(F)|      SLOW  |ACK_GND_1_o_AND_25_o|   0.000|
SD<3>       |   -2.074(F)|      FAST  |    2.796(F)|      SLOW  |ACK_GND_1_o_AND_25_o|   0.000|
SD<4>       |   -2.251(F)|      FAST  |    2.973(F)|      SLOW  |ACK_GND_1_o_AND_25_o|   0.000|
SD<5>       |   -1.968(F)|      FAST  |    2.690(F)|      SLOW  |ACK_GND_1_o_AND_25_o|   0.000|
SD<6>       |   -1.935(F)|      FAST  |    2.657(F)|      SLOW  |ACK_GND_1_o_AND_25_o|   0.000|
SD<7>       |   -1.938(F)|      FAST  |    2.660(F)|      SLOW  |ACK_GND_1_o_AND_25_o|   0.000|
------------+------------+------------+------------+------------+--------------------+--------+

Setup/Hold to clock SA<2>
------------+------------+------------+------------+------------+--------------------+--------+
            |Max Setup to|  Process   |Max Hold to |  Process   |                    | Clock  |
Source      | clk (edge) |   Corner   | clk (edge) |   Corner   |Internal Clock(s)   | Phase  |
------------+------------+------------+------------+------------+--------------------+--------+
SD<0>       |   -2.791(F)|      FAST  |    3.513(F)|      SLOW  |ACK_GND_1_o_AND_25_o|   0.000|
SD<1>       |   -2.500(F)|      FAST  |    3.222(F)|      SLOW  |ACK_GND_1_o_AND_25_o|   0.000|
            |   -2.214(F)|      SLOW  |    2.862(F)|      SLOW  |CSA                 |   0.000|
SD<2>       |   -2.609(F)|      FAST  |    3.331(F)|      SLOW  |ACK_GND_1_o_AND_25_o|   0.000|
SD<3>       |   -2.468(F)|      FAST  |    3.190(F)|      SLOW  |ACK_GND_1_o_AND_25_o|   0.000|
SD<4>       |   -2.645(F)|      FAST  |    3.367(F)|      SLOW  |ACK_GND_1_o_AND_25_o|   0.000|
SD<5>       |   -2.362(F)|      FAST  |    3.084(F)|      SLOW  |ACK_GND_1_o_AND_25_o|   0.000|
SD<6>       |   -2.329(F)|      FAST  |    3.051(F)|      SLOW  |ACK_GND_1_o_AND_25_o|   0.000|
SD<7>       |   -2.332(F)|      FAST  |    3.054(F)|      SLOW  |ACK_GND_1_o_AND_25_o|   0.000|
------------+------------+------------+------------+------------+--------------------+--------+

Setup/Hold to clock SA<3>
------------+------------+------------+------------+------------+--------------------+--------+
            |Max Setup to|  Process   |Max Hold to |  Process   |                    | Clock  |
Source      | clk (edge) |   Corner   | clk (edge) |   Corner   |Internal Clock(s)   | Phase  |
------------+------------+------------+------------+------------+--------------------+--------+
SD<0>       |   -2.486(F)|      FAST  |    3.209(F)|      SLOW  |ACK_GND_1_o_AND_25_o|   0.000|
SD<1>       |   -2.195(F)|      FAST  |    2.918(F)|      SLOW  |ACK_GND_1_o_AND_25_o|   0.000|
            |   -1.910(F)|      SLOW  |    2.558(F)|      SLOW  |CSA                 |   0.000|
SD<2>       |   -2.304(F)|      FAST  |    3.027(F)|      SLOW  |ACK_GND_1_o_AND_25_o|   0.000|
SD<3>       |   -2.163(F)|      FAST  |    2.886(F)|      SLOW  |ACK_GND_1_o_AND_25_o|   0.000|
SD<4>       |   -2.340(F)|      FAST  |    3.063(F)|      SLOW  |ACK_GND_1_o_AND_25_o|   0.000|
SD<5>       |   -2.057(F)|      FAST  |    2.780(F)|      SLOW  |ACK_GND_1_o_AND_25_o|   0.000|
SD<6>       |   -2.024(F)|      FAST  |    2.747(F)|      SLOW  |ACK_GND_1_o_AND_25_o|   0.000|
SD<7>       |   -2.027(F)|      FAST  |    2.750(F)|      SLOW  |ACK_GND_1_o_AND_25_o|   0.000|
------------+------------+------------+------------+------------+--------------------+--------+

Setup/Hold to clock SA<4>
------------+------------+------------+------------+------------+--------------------+--------+
            |Max Setup to|  Process   |Max Hold to |  Process   |                    | Clock  |
Source      | clk (edge) |   Corner   | clk (edge) |   Corner   |Internal Clock(s)   | Phase  |
------------+------------+------------+------------+------------+--------------------+--------+
SD<0>       |   -2.604(F)|      FAST  |    3.326(F)|      SLOW  |ACK_GND_1_o_AND_25_o|   0.000|
SD<1>       |   -2.313(F)|      FAST  |    3.035(F)|      SLOW  |ACK_GND_1_o_AND_25_o|   0.000|
            |   -2.027(F)|      SLOW  |    2.675(F)|      SLOW  |CSA                 |   0.000|
SD<2>       |   -2.422(F)|      FAST  |    3.144(F)|      SLOW  |ACK_GND_1_o_AND_25_o|   0.000|
SD<3>       |   -2.281(F)|      FAST  |    3.003(F)|      SLOW  |ACK_GND_1_o_AND_25_o|   0.000|
SD<4>       |   -2.458(F)|      FAST  |    3.180(F)|      SLOW  |ACK_GND_1_o_AND_25_o|   0.000|
SD<5>       |   -2.175(F)|      FAST  |    2.897(F)|      SLOW  |ACK_GND_1_o_AND_25_o|   0.000|
SD<6>       |   -2.142(F)|      FAST  |    2.864(F)|      SLOW  |ACK_GND_1_o_AND_25_o|   0.000|
SD<7>       |   -2.145(F)|      FAST  |    2.867(F)|      SLOW  |ACK_GND_1_o_AND_25_o|   0.000|
------------+------------+------------+------------+------------+--------------------+--------+

Setup/Hold to clock SA<5>
------------+------------+------------+------------+------------+--------------------+--------+
            |Max Setup to|  Process   |Max Hold to |  Process   |                    | Clock  |
Source      | clk (edge) |   Corner   | clk (edge) |   Corner   |Internal Clock(s)   | Phase  |
------------+------------+------------+------------+------------+--------------------+--------+
SD<0>       |   -2.043(F)|      FAST  |    2.714(F)|      SLOW  |ACK_GND_1_o_AND_25_o|   0.000|
SD<1>       |   -1.752(F)|      FAST  |    2.423(F)|      SLOW  |ACK_GND_1_o_AND_25_o|   0.000|
            |   -1.434(F)|      SLOW  |    2.065(F)|      FAST  |CSA                 |   0.000|
SD<2>       |   -1.861(F)|      FAST  |    2.532(F)|      SLOW  |ACK_GND_1_o_AND_25_o|   0.000|
SD<3>       |   -1.720(F)|      FAST  |    2.391(F)|      SLOW  |ACK_GND_1_o_AND_25_o|   0.000|
SD<4>       |   -1.897(F)|      FAST  |    2.568(F)|      SLOW  |ACK_GND_1_o_AND_25_o|   0.000|
SD<5>       |   -1.614(F)|      FAST  |    2.285(F)|      SLOW  |ACK_GND_1_o_AND_25_o|   0.000|
SD<6>       |   -1.581(F)|      FAST  |    2.252(F)|      SLOW  |ACK_GND_1_o_AND_25_o|   0.000|
SD<7>       |   -1.584(F)|      FAST  |    2.255(F)|      SLOW  |ACK_GND_1_o_AND_25_o|   0.000|
------------+------------+------------+------------+------------+--------------------+--------+

Setup/Hold to clock SA<6>
------------+------------+------------+------------+------------+--------------------+--------+
            |Max Setup to|  Process   |Max Hold to |  Process   |                    | Clock  |
Source      | clk (edge) |   Corner   | clk (edge) |   Corner   |Internal Clock(s)   | Phase  |
------------+------------+------------+------------+------------+--------------------+--------+
SD<0>       |   -2.179(F)|      FAST  |    2.850(F)|      SLOW  |ACK_GND_1_o_AND_25_o|   0.000|
SD<1>       |   -1.888(F)|      FAST  |    2.559(F)|      SLOW  |ACK_GND_1_o_AND_25_o|   0.000|
            |   -1.569(F)|      SLOW  |    2.201(F)|      FAST  |CSA                 |   0.000|
SD<2>       |   -1.997(F)|      FAST  |    2.668(F)|      SLOW  |ACK_GND_1_o_AND_25_o|   0.000|
SD<3>       |   -1.856(F)|      FAST  |    2.527(F)|      SLOW  |ACK_GND_1_o_AND_25_o|   0.000|
SD<4>       |   -2.033(F)|      FAST  |    2.704(F)|      SLOW  |ACK_GND_1_o_AND_25_o|   0.000|
SD<5>       |   -1.750(F)|      FAST  |    2.421(F)|      SLOW  |ACK_GND_1_o_AND_25_o|   0.000|
SD<6>       |   -1.717(F)|      FAST  |    2.388(F)|      SLOW  |ACK_GND_1_o_AND_25_o|   0.000|
SD<7>       |   -1.720(F)|      FAST  |    2.391(F)|      SLOW  |ACK_GND_1_o_AND_25_o|   0.000|
------------+------------+------------+------------+------------+--------------------+--------+

Setup/Hold to clock SA<7>
------------+------------+------------+------------+------------+--------------------+--------+
            |Max Setup to|  Process   |Max Hold to |  Process   |                    | Clock  |
Source      | clk (edge) |   Corner   | clk (edge) |   Corner   |Internal Clock(s)   | Phase  |
------------+------------+------------+------------+------------+--------------------+--------+
SD<0>       |   -2.233(F)|      FAST  |    2.904(F)|      SLOW  |ACK_GND_1_o_AND_25_o|   0.000|
SD<1>       |   -1.942(F)|      FAST  |    2.613(F)|      SLOW  |ACK_GND_1_o_AND_25_o|   0.000|
            |   -1.624(F)|      SLOW  |    2.255(F)|      FAST  |CSA                 |   0.000|
SD<2>       |   -2.051(F)|      FAST  |    2.722(F)|      SLOW  |ACK_GND_1_o_AND_25_o|   0.000|
SD<3>       |   -1.910(F)|      FAST  |    2.581(F)|      SLOW  |ACK_GND_1_o_AND_25_o|   0.000|
SD<4>       |   -2.087(F)|      FAST  |    2.758(F)|      SLOW  |ACK_GND_1_o_AND_25_o|   0.000|
SD<5>       |   -1.804(F)|      FAST  |    2.475(F)|      SLOW  |ACK_GND_1_o_AND_25_o|   0.000|
SD<6>       |   -1.771(F)|      FAST  |    2.442(F)|      SLOW  |ACK_GND_1_o_AND_25_o|   0.000|
SD<7>       |   -1.774(F)|      FAST  |    2.445(F)|      SLOW  |ACK_GND_1_o_AND_25_o|   0.000|
------------+------------+------------+------------+------------+--------------------+--------+

Setup/Hold to clock SA<8>
------------+------------+------------+------------+------------+--------------------+--------+
            |Max Setup to|  Process   |Max Hold to |  Process   |                    | Clock  |
Source      | clk (edge) |   Corner   | clk (edge) |   Corner   |Internal Clock(s)   | Phase  |
------------+------------+------------+------------+------------+--------------------+--------+
SD<0>       |   -2.339(F)|      FAST  |    3.009(F)|      SLOW  |ACK_GND_1_o_AND_25_o|   0.000|
SD<1>       |   -2.048(F)|      FAST  |    2.718(F)|      SLOW  |ACK_GND_1_o_AND_25_o|   0.000|
            |   -1.729(F)|      SLOW  |    2.360(F)|      FAST  |CSA                 |   0.000|
SD<2>       |   -2.157(F)|      FAST  |    2.827(F)|      SLOW  |ACK_GND_1_o_AND_25_o|   0.000|
SD<3>       |   -2.016(F)|      FAST  |    2.686(F)|      SLOW  |ACK_GND_1_o_AND_25_o|   0.000|
SD<4>       |   -2.193(F)|      FAST  |    2.863(F)|      SLOW  |ACK_GND_1_o_AND_25_o|   0.000|
SD<5>       |   -1.910(F)|      FAST  |    2.580(F)|      SLOW  |ACK_GND_1_o_AND_25_o|   0.000|
SD<6>       |   -1.877(F)|      FAST  |    2.547(F)|      SLOW  |ACK_GND_1_o_AND_25_o|   0.000|
SD<7>       |   -1.880(F)|      FAST  |    2.550(F)|      SLOW  |ACK_GND_1_o_AND_25_o|   0.000|
------------+------------+------------+------------+------------+--------------------+--------+

Setup/Hold to clock SA<9>
------------+------------+------------+------------+------------+--------------------+--------+
            |Max Setup to|  Process   |Max Hold to |  Process   |                    | Clock  |
Source      | clk (edge) |   Corner   | clk (edge) |   Corner   |Internal Clock(s)   | Phase  |
------------+------------+------------+------------+------------+--------------------+--------+
SD<0>       |   -2.343(F)|      FAST  |    3.013(F)|      SLOW  |ACK_GND_1_o_AND_25_o|   0.000|
SD<1>       |   -2.052(F)|      FAST  |    2.722(F)|      SLOW  |ACK_GND_1_o_AND_25_o|   0.000|
            |   -1.733(F)|      SLOW  |    2.365(F)|      FAST  |CSA                 |   0.000|
SD<2>       |   -2.161(F)|      FAST  |    2.831(F)|      SLOW  |ACK_GND_1_o_AND_25_o|   0.000|
SD<3>       |   -2.020(F)|      FAST  |    2.690(F)|      SLOW  |ACK_GND_1_o_AND_25_o|   0.000|
SD<4>       |   -2.197(F)|      FAST  |    2.867(F)|      SLOW  |ACK_GND_1_o_AND_25_o|   0.000|
SD<5>       |   -1.914(F)|      FAST  |    2.584(F)|      SLOW  |ACK_GND_1_o_AND_25_o|   0.000|
SD<6>       |   -1.881(F)|      FAST  |    2.551(F)|      SLOW  |ACK_GND_1_o_AND_25_o|   0.000|
SD<7>       |   -1.884(F)|      FAST  |    2.554(F)|      SLOW  |ACK_GND_1_o_AND_25_o|   0.000|
------------+------------+------------+------------+------------+--------------------+--------+

Clock ACK to Pad
------------+-----------------+------------+-----------------+------------+--------------------+--------+
            |Max (slowest) clk|  Process   |Min (fastest) clk|  Process   |                    | Clock  |
Destination |  (edge) to PAD  |   Corner   |  (edge) to PAD  |   Corner   |Internal Clock(s)   | Phase  |
------------+-----------------+------------+-----------------+------------+--------------------+--------+
INTR_B      |         4.664(F)|      SLOW  |         2.667(F)|      FAST  |INTR_B_G            |   0.000|
OBF_B       |         5.052(F)|      SLOW  |         2.974(F)|      FAST  |OBF_B_G             |   0.000|
PB<0>       |         5.796(F)|      SLOW  |         3.723(F)|      FAST  |ACK_GND_1_o_AND_25_o|   0.000|
PB<1>       |         5.665(F)|      SLOW  |         3.592(F)|      FAST  |ACK_GND_1_o_AND_25_o|   0.000|
PB<2>       |         5.761(F)|      SLOW  |         3.688(F)|      FAST  |ACK_GND_1_o_AND_25_o|   0.000|
PB<3>       |         5.632(F)|      SLOW  |         3.559(F)|      FAST  |ACK_GND_1_o_AND_25_o|   0.000|
PB<4>       |         5.696(F)|      SLOW  |         3.623(F)|      FAST  |ACK_GND_1_o_AND_25_o|   0.000|
PB<5>       |         5.503(F)|      SLOW  |         3.430(F)|      FAST  |ACK_GND_1_o_AND_25_o|   0.000|
PB<6>       |         5.513(F)|      SLOW  |         3.440(F)|      FAST  |ACK_GND_1_o_AND_25_o|   0.000|
PB<7>       |         5.491(F)|      SLOW  |         3.418(F)|      FAST  |ACK_GND_1_o_AND_25_o|   0.000|
------------+-----------------+------------+-----------------+------------+--------------------+--------+

Clock AEN to Pad
------------+-----------------+------------+-----------------+------------+--------------------+--------+
            |Max (slowest) clk|  Process   |Min (fastest) clk|  Process   |                    | Clock  |
Destination |  (edge) to PAD  |   Corner   |  (edge) to PAD  |   Corner   |Internal Clock(s)   | Phase  |
------------+-----------------+------------+-----------------+------------+--------------------+--------+
INTR_A      |         5.983(F)|      SLOW  |         3.797(F)|      FAST  |INTR_A_G            |   0.000|
INTR_B      |         5.806(F)|      SLOW  |         3.705(F)|      FAST  |INTR_B_G            |   0.000|
OBF_B       |         6.204(F)|      SLOW  |         4.018(F)|      FAST  |OBF_B_G             |   0.000|
PB<0>       |         6.940(F)|      SLOW  |         4.763(F)|      FAST  |ACK_GND_1_o_AND_25_o|   0.000|
            |         6.355(F)|      SLOW  |         3.855(F)|      FAST  |CSA                 |   0.000|
PB<1>       |         6.809(F)|      SLOW  |         4.632(F)|      FAST  |ACK_GND_1_o_AND_25_o|   0.000|
            |         6.339(F)|      SLOW  |         3.839(F)|      FAST  |CSA                 |   0.000|
PB<2>       |         6.905(F)|      SLOW  |         4.728(F)|      FAST  |ACK_GND_1_o_AND_25_o|   0.000|
            |         6.352(F)|      SLOW  |         3.852(F)|      FAST  |CSA                 |   0.000|
PB<3>       |         6.776(F)|      SLOW  |         4.599(F)|      FAST  |ACK_GND_1_o_AND_25_o|   0.000|
            |         6.331(F)|      SLOW  |         3.831(F)|      FAST  |CSA                 |   0.000|
PB<4>       |         6.840(F)|      SLOW  |         4.663(F)|      FAST  |ACK_GND_1_o_AND_25_o|   0.000|
            |         6.375(F)|      SLOW  |         3.875(F)|      FAST  |CSA                 |   0.000|
PB<5>       |         6.647(F)|      SLOW  |         4.470(F)|      FAST  |ACK_GND_1_o_AND_25_o|   0.000|
            |         6.268(F)|      SLOW  |         3.768(F)|      FAST  |CSA                 |   0.000|
PB<6>       |         6.657(F)|      SLOW  |         4.480(F)|      FAST  |ACK_GND_1_o_AND_25_o|   0.000|
            |         6.407(F)|      SLOW  |         3.907(F)|      FAST  |CSA                 |   0.000|
PB<7>       |         6.635(F)|      SLOW  |         4.458(F)|      FAST  |ACK_GND_1_o_AND_25_o|   0.000|
            |         6.226(F)|      SLOW  |         3.727(F)|      FAST  |CSA                 |   0.000|
------------+-----------------+------------+-----------------+------------+--------------------+--------+

Clock INTE_A to Pad
------------+-----------------+------------+-----------------+------------+------------------+--------+
            |Max (slowest) clk|  Process   |Min (fastest) clk|  Process   |                  | Clock  |
Destination |  (edge) to PAD  |   Corner   |  (edge) to PAD  |   Corner   |Internal Clock(s) | Phase  |
------------+-----------------+------------+-----------------+------------+------------------+--------+
INTR_A      |         4.853(F)|      SLOW  |         2.775(F)|      FAST  |INTR_A_G          |   0.000|
------------+-----------------+------------+-----------------+------------+------------------+--------+

Clock INTE_B to Pad
------------+-----------------+------------+-----------------+------------+------------------+--------+
            |Max (slowest) clk|  Process   |Min (fastest) clk|  Process   |                  | Clock  |
Destination |  (edge) to PAD  |   Corner   |  (edge) to PAD  |   Corner   |Internal Clock(s) | Phase  |
------------+-----------------+------------+-----------------+------------+------------------+--------+
INTR_B      |         4.257(F)|      SLOW  |         2.260(F)|      FAST  |INTR_B_G          |   0.000|
------------+-----------------+------------+-----------------+------------+------------------+--------+

Clock IOR to Pad
------------+-----------------+------------+-----------------+------------+------------------+--------+
            |Max (slowest) clk|  Process   |Min (fastest) clk|  Process   |                  | Clock  |
Destination |  (edge) to PAD  |   Corner   |  (edge) to PAD  |   Corner   |Internal Clock(s) | Phase  |
------------+-----------------+------------+-----------------+------------+------------------+--------+
INTR_A      |         4.861(F)|      SLOW  |         2.778(F)|      FAST  |INTR_A_G          |   0.000|
------------+-----------------+------------+-----------------+------------+------------------+--------+

Clock IOW to Pad
------------+-----------------+------------+-----------------+------------+--------------------+--------+
            |Max (slowest) clk|  Process   |Min (fastest) clk|  Process   |                    | Clock  |
Destination |  (edge) to PAD  |   Corner   |  (edge) to PAD  |   Corner   |Internal Clock(s)   | Phase  |
------------+-----------------+------------+-----------------+------------+--------------------+--------+
INTR_B      |         4.657(F)|      SLOW  |         2.660(F)|      FAST  |INTR_B_G            |   0.000|
OBF_B       |         4.924(F)|      SLOW  |         2.830(F)|      FAST  |OBF_B_G             |   0.000|
PB<0>       |         5.654(F)|      SLOW  |         3.581(F)|      FAST  |ACK_GND_1_o_AND_25_o|   0.000|
PB<1>       |         5.523(F)|      SLOW  |         3.450(F)|      FAST  |ACK_GND_1_o_AND_25_o|   0.000|
PB<2>       |         5.619(F)|      SLOW  |         3.546(F)|      FAST  |ACK_GND_1_o_AND_25_o|   0.000|
PB<3>       |         5.490(F)|      SLOW  |         3.417(F)|      FAST  |ACK_GND_1_o_AND_25_o|   0.000|
PB<4>       |         5.554(F)|      SLOW  |         3.481(F)|      FAST  |ACK_GND_1_o_AND_25_o|   0.000|
PB<5>       |         5.361(F)|      SLOW  |         3.288(F)|      FAST  |ACK_GND_1_o_AND_25_o|   0.000|
PB<6>       |         5.371(F)|      SLOW  |         3.298(F)|      FAST  |ACK_GND_1_o_AND_25_o|   0.000|
PB<7>       |         5.349(F)|      SLOW  |         3.276(F)|      FAST  |ACK_GND_1_o_AND_25_o|   0.000|
------------+-----------------+------------+-----------------+------------+--------------------+--------+

Clock SA<0> to Pad
------------+-----------------+------------+-----------------+------------+--------------------+--------+
            |Max (slowest) clk|  Process   |Min (fastest) clk|  Process   |                    | Clock  |
Destination |  (edge) to PAD  |   Corner   |  (edge) to PAD  |   Corner   |Internal Clock(s)   | Phase  |
------------+-----------------+------------+-----------------+------------+--------------------+--------+
INTR_A      |         4.680(F)|      SLOW  |         2.588(F)|      FAST  |INTR_A_G            |   0.000|
INTR_B      |         4.487(F)|      SLOW  |         2.490(F)|      FAST  |INTR_B_G            |   0.000|
OBF_B       |         4.848(F)|      SLOW  |         2.756(F)|      FAST  |OBF_B_G             |   0.000|
PB<0>       |         5.576(F)|      SLOW  |         3.503(F)|      FAST  |ACK_GND_1_o_AND_25_o|   0.000|
            |         5.274(F)|      SLOW  |         2.878(F)|      FAST  |CSA                 |   0.000|
PB<1>       |         5.445(F)|      SLOW  |         3.372(F)|      FAST  |ACK_GND_1_o_AND_25_o|   0.000|
            |         5.258(F)|      SLOW  |         2.862(F)|      FAST  |CSA                 |   0.000|
PB<2>       |         5.541(F)|      SLOW  |         3.468(F)|      FAST  |ACK_GND_1_o_AND_25_o|   0.000|
            |         5.271(F)|      SLOW  |         2.875(F)|      FAST  |CSA                 |   0.000|
PB<3>       |         5.412(F)|      SLOW  |         3.339(F)|      FAST  |ACK_GND_1_o_AND_25_o|   0.000|
            |         5.250(F)|      SLOW  |         2.854(F)|      FAST  |CSA                 |   0.000|
PB<4>       |         5.476(F)|      SLOW  |         3.403(F)|      FAST  |ACK_GND_1_o_AND_25_o|   0.000|
            |         5.294(F)|      SLOW  |         2.898(F)|      FAST  |CSA                 |   0.000|
PB<5>       |         5.283(F)|      SLOW  |         3.210(F)|      FAST  |ACK_GND_1_o_AND_25_o|   0.000|
            |         5.187(F)|      SLOW  |         2.791(F)|      FAST  |CSA                 |   0.000|
PB<6>       |         5.293(F)|      SLOW  |         3.220(F)|      FAST  |ACK_GND_1_o_AND_25_o|   0.000|
            |         5.326(F)|      SLOW  |         2.930(F)|      FAST  |CSA                 |   0.000|
PB<7>       |         5.271(F)|      SLOW  |         3.198(F)|      FAST  |ACK_GND_1_o_AND_25_o|   0.000|
            |         5.145(F)|      SLOW  |         2.750(F)|      FAST  |CSA                 |   0.000|
------------+-----------------+------------+-----------------+------------+--------------------+--------+

Clock SA<1> to Pad
------------+-----------------+------------+-----------------+------------+--------------------+--------+
            |Max (slowest) clk|  Process   |Min (fastest) clk|  Process   |                    | Clock  |
Destination |  (edge) to PAD  |   Corner   |  (edge) to PAD  |   Corner   |Internal Clock(s)   | Phase  |
------------+-----------------+------------+-----------------+------------+--------------------+--------+
INTR_A      |         5.730(F)|      SLOW  |         3.544(F)|      FAST  |INTR_A_G            |   0.000|
INTR_B      |         5.553(F)|      SLOW  |         3.452(F)|      FAST  |INTR_B_G            |   0.000|
OBF_B       |         5.951(F)|      SLOW  |         3.765(F)|      FAST  |OBF_B_G             |   0.000|
PB<0>       |         6.687(F)|      SLOW  |         4.510(F)|      FAST  |ACK_GND_1_o_AND_25_o|   0.000|
            |         6.102(F)|      SLOW  |         3.602(F)|      FAST  |CSA                 |   0.000|
PB<1>       |         6.556(F)|      SLOW  |         4.379(F)|      FAST  |ACK_GND_1_o_AND_25_o|   0.000|
            |         6.086(F)|      SLOW  |         3.586(F)|      FAST  |CSA                 |   0.000|
PB<2>       |         6.652(F)|      SLOW  |         4.475(F)|      FAST  |ACK_GND_1_o_AND_25_o|   0.000|
            |         6.099(F)|      SLOW  |         3.599(F)|      FAST  |CSA                 |   0.000|
PB<3>       |         6.523(F)|      SLOW  |         4.346(F)|      FAST  |ACK_GND_1_o_AND_25_o|   0.000|
            |         6.078(F)|      SLOW  |         3.578(F)|      FAST  |CSA                 |   0.000|
PB<4>       |         6.587(F)|      SLOW  |         4.410(F)|      FAST  |ACK_GND_1_o_AND_25_o|   0.000|
            |         6.122(F)|      SLOW  |         3.622(F)|      FAST  |CSA                 |   0.000|
PB<5>       |         6.394(F)|      SLOW  |         4.217(F)|      FAST  |ACK_GND_1_o_AND_25_o|   0.000|
            |         6.015(F)|      SLOW  |         3.515(F)|      FAST  |CSA                 |   0.000|
PB<6>       |         6.404(F)|      SLOW  |         4.227(F)|      FAST  |ACK_GND_1_o_AND_25_o|   0.000|
            |         6.154(F)|      SLOW  |         3.654(F)|      FAST  |CSA                 |   0.000|
PB<7>       |         6.382(F)|      SLOW  |         4.205(F)|      FAST  |ACK_GND_1_o_AND_25_o|   0.000|
            |         5.973(F)|      SLOW  |         3.474(F)|      FAST  |CSA                 |   0.000|
------------+-----------------+------------+-----------------+------------+--------------------+--------+

Clock SA<2> to Pad
------------+-----------------+------------+-----------------+------------+--------------------+--------+
            |Max (slowest) clk|  Process   |Min (fastest) clk|  Process   |                    | Clock  |
Destination |  (edge) to PAD  |   Corner   |  (edge) to PAD  |   Corner   |Internal Clock(s)   | Phase  |
------------+-----------------+------------+-----------------+------------+--------------------+--------+
INTR_A      |         6.124(F)|      SLOW  |         3.938(F)|      FAST  |INTR_A_G            |   0.000|
INTR_B      |         5.947(F)|      SLOW  |         3.846(F)|      FAST  |INTR_B_G            |   0.000|
OBF_B       |         6.345(F)|      SLOW  |         4.159(F)|      FAST  |OBF_B_G             |   0.000|
PB<0>       |         7.081(F)|      SLOW  |         4.904(F)|      FAST  |ACK_GND_1_o_AND_25_o|   0.000|
            |         6.496(F)|      SLOW  |         3.996(F)|      FAST  |CSA                 |   0.000|
PB<1>       |         6.950(F)|      SLOW  |         4.773(F)|      FAST  |ACK_GND_1_o_AND_25_o|   0.000|
            |         6.480(F)|      SLOW  |         3.980(F)|      FAST  |CSA                 |   0.000|
PB<2>       |         7.046(F)|      SLOW  |         4.869(F)|      FAST  |ACK_GND_1_o_AND_25_o|   0.000|
            |         6.493(F)|      SLOW  |         3.993(F)|      FAST  |CSA                 |   0.000|
PB<3>       |         6.917(F)|      SLOW  |         4.740(F)|      FAST  |ACK_GND_1_o_AND_25_o|   0.000|
            |         6.472(F)|      SLOW  |         3.972(F)|      FAST  |CSA                 |   0.000|
PB<4>       |         6.981(F)|      SLOW  |         4.804(F)|      FAST  |ACK_GND_1_o_AND_25_o|   0.000|
            |         6.516(F)|      SLOW  |         4.016(F)|      FAST  |CSA                 |   0.000|
PB<5>       |         6.788(F)|      SLOW  |         4.611(F)|      FAST  |ACK_GND_1_o_AND_25_o|   0.000|
            |         6.409(F)|      SLOW  |         3.909(F)|      FAST  |CSA                 |   0.000|
PB<6>       |         6.798(F)|      SLOW  |         4.621(F)|      FAST  |ACK_GND_1_o_AND_25_o|   0.000|
            |         6.548(F)|      SLOW  |         4.048(F)|      FAST  |CSA                 |   0.000|
PB<7>       |         6.776(F)|      SLOW  |         4.599(F)|      FAST  |ACK_GND_1_o_AND_25_o|   0.000|
            |         6.367(F)|      SLOW  |         3.868(F)|      FAST  |CSA                 |   0.000|
------------+-----------------+------------+-----------------+------------+--------------------+--------+

Clock SA<3> to Pad
------------+-----------------+------------+-----------------+------------+--------------------+--------+
            |Max (slowest) clk|  Process   |Min (fastest) clk|  Process   |                    | Clock  |
Destination |  (edge) to PAD  |   Corner   |  (edge) to PAD  |   Corner   |Internal Clock(s)   | Phase  |
------------+-----------------+------------+-----------------+------------+--------------------+--------+
INTR_A      |         5.820(F)|      SLOW  |         3.633(F)|      FAST  |INTR_A_G            |   0.000|
INTR_B      |         5.643(F)|      SLOW  |         3.541(F)|      FAST  |INTR_B_G            |   0.000|
OBF_B       |         6.041(F)|      SLOW  |         3.854(F)|      FAST  |OBF_B_G             |   0.000|
PB<0>       |         6.777(F)|      SLOW  |         4.599(F)|      FAST  |ACK_GND_1_o_AND_25_o|   0.000|
            |         6.192(F)|      SLOW  |         3.691(F)|      FAST  |CSA                 |   0.000|
PB<1>       |         6.646(F)|      SLOW  |         4.468(F)|      FAST  |ACK_GND_1_o_AND_25_o|   0.000|
            |         6.176(F)|      SLOW  |         3.675(F)|      FAST  |CSA                 |   0.000|
PB<2>       |         6.742(F)|      SLOW  |         4.564(F)|      FAST  |ACK_GND_1_o_AND_25_o|   0.000|
            |         6.189(F)|      SLOW  |         3.688(F)|      FAST  |CSA                 |   0.000|
PB<3>       |         6.613(F)|      SLOW  |         4.435(F)|      FAST  |ACK_GND_1_o_AND_25_o|   0.000|
            |         6.168(F)|      SLOW  |         3.667(F)|      FAST  |CSA                 |   0.000|
PB<4>       |         6.677(F)|      SLOW  |         4.499(F)|      FAST  |ACK_GND_1_o_AND_25_o|   0.000|
            |         6.212(F)|      SLOW  |         3.711(F)|      FAST  |CSA                 |   0.000|
PB<5>       |         6.484(F)|      SLOW  |         4.306(F)|      FAST  |ACK_GND_1_o_AND_25_o|   0.000|
            |         6.105(F)|      SLOW  |         3.604(F)|      FAST  |CSA                 |   0.000|
PB<6>       |         6.494(F)|      SLOW  |         4.316(F)|      FAST  |ACK_GND_1_o_AND_25_o|   0.000|
            |         6.244(F)|      SLOW  |         3.743(F)|      FAST  |CSA                 |   0.000|
PB<7>       |         6.472(F)|      SLOW  |         4.294(F)|      FAST  |ACK_GND_1_o_AND_25_o|   0.000|
            |         6.063(F)|      SLOW  |         3.563(F)|      FAST  |CSA                 |   0.000|
------------+-----------------+------------+-----------------+------------+--------------------+--------+

Clock SA<4> to Pad
------------+-----------------+------------+-----------------+------------+--------------------+--------+
            |Max (slowest) clk|  Process   |Min (fastest) clk|  Process   |                    | Clock  |
Destination |  (edge) to PAD  |   Corner   |  (edge) to PAD  |   Corner   |Internal Clock(s)   | Phase  |
------------+-----------------+------------+-----------------+------------+--------------------+--------+
INTR_A      |         5.937(F)|      SLOW  |         3.751(F)|      FAST  |INTR_A_G            |   0.000|
INTR_B      |         5.760(F)|      SLOW  |         3.659(F)|      FAST  |INTR_B_G            |   0.000|
OBF_B       |         6.158(F)|      SLOW  |         3.972(F)|      FAST  |OBF_B_G             |   0.000|
PB<0>       |         6.894(F)|      SLOW  |         4.717(F)|      FAST  |ACK_GND_1_o_AND_25_o|   0.000|
            |         6.309(F)|      SLOW  |         3.809(F)|      FAST  |CSA                 |   0.000|
PB<1>       |         6.763(F)|      SLOW  |         4.586(F)|      FAST  |ACK_GND_1_o_AND_25_o|   0.000|
            |         6.293(F)|      SLOW  |         3.793(F)|      FAST  |CSA                 |   0.000|
PB<2>       |         6.859(F)|      SLOW  |         4.682(F)|      FAST  |ACK_GND_1_o_AND_25_o|   0.000|
            |         6.306(F)|      SLOW  |         3.806(F)|      FAST  |CSA                 |   0.000|
PB<3>       |         6.730(F)|      SLOW  |         4.553(F)|      FAST  |ACK_GND_1_o_AND_25_o|   0.000|
            |         6.285(F)|      SLOW  |         3.785(F)|      FAST  |CSA                 |   0.000|
PB<4>       |         6.794(F)|      SLOW  |         4.617(F)|      FAST  |ACK_GND_1_o_AND_25_o|   0.000|
            |         6.329(F)|      SLOW  |         3.829(F)|      FAST  |CSA                 |   0.000|
PB<5>       |         6.601(F)|      SLOW  |         4.424(F)|      FAST  |ACK_GND_1_o_AND_25_o|   0.000|
            |         6.222(F)|      SLOW  |         3.722(F)|      FAST  |CSA                 |   0.000|
PB<6>       |         6.611(F)|      SLOW  |         4.434(F)|      FAST  |ACK_GND_1_o_AND_25_o|   0.000|
            |         6.361(F)|      SLOW  |         3.861(F)|      FAST  |CSA                 |   0.000|
PB<7>       |         6.589(F)|      SLOW  |         4.412(F)|      FAST  |ACK_GND_1_o_AND_25_o|   0.000|
            |         6.180(F)|      SLOW  |         3.681(F)|      FAST  |CSA                 |   0.000|
------------+-----------------+------------+-----------------+------------+--------------------+--------+

Clock SA<5> to Pad
------------+-----------------+------------+-----------------+------------+--------------------+--------+
            |Max (slowest) clk|  Process   |Min (fastest) clk|  Process   |                    | Clock  |
Destination |  (edge) to PAD  |   Corner   |  (edge) to PAD  |   Corner   |Internal Clock(s)   | Phase  |
------------+-----------------+------------+-----------------+------------+--------------------+--------+
INTR_A      |         5.325(F)|      SLOW  |         3.190(F)|      FAST  |INTR_A_G            |   0.000|
INTR_B      |         5.148(F)|      SLOW  |         3.098(F)|      FAST  |INTR_B_G            |   0.000|
OBF_B       |         5.546(F)|      SLOW  |         3.411(F)|      FAST  |OBF_B_G             |   0.000|
PB<0>       |         6.282(F)|      SLOW  |         4.156(F)|      FAST  |ACK_GND_1_o_AND_25_o|   0.000|
            |         5.697(F)|      SLOW  |         3.248(F)|      FAST  |CSA                 |   0.000|
PB<1>       |         6.151(F)|      SLOW  |         4.025(F)|      FAST  |ACK_GND_1_o_AND_25_o|   0.000|
            |         5.681(F)|      SLOW  |         3.232(F)|      FAST  |CSA                 |   0.000|
PB<2>       |         6.247(F)|      SLOW  |         4.121(F)|      FAST  |ACK_GND_1_o_AND_25_o|   0.000|
            |         5.694(F)|      SLOW  |         3.245(F)|      FAST  |CSA                 |   0.000|
PB<3>       |         6.118(F)|      SLOW  |         3.992(F)|      FAST  |ACK_GND_1_o_AND_25_o|   0.000|
            |         5.673(F)|      SLOW  |         3.224(F)|      FAST  |CSA                 |   0.000|
PB<4>       |         6.182(F)|      SLOW  |         4.056(F)|      FAST  |ACK_GND_1_o_AND_25_o|   0.000|
            |         5.717(F)|      SLOW  |         3.268(F)|      FAST  |CSA                 |   0.000|
PB<5>       |         5.989(F)|      SLOW  |         3.863(F)|      FAST  |ACK_GND_1_o_AND_25_o|   0.000|
            |         5.610(F)|      SLOW  |         3.161(F)|      FAST  |CSA                 |   0.000|
PB<6>       |         5.999(F)|      SLOW  |         3.873(F)|      FAST  |ACK_GND_1_o_AND_25_o|   0.000|
            |         5.749(F)|      SLOW  |         3.300(F)|      FAST  |CSA                 |   0.000|
PB<7>       |         5.977(F)|      SLOW  |         3.851(F)|      FAST  |ACK_GND_1_o_AND_25_o|   0.000|
            |         5.568(F)|      SLOW  |         3.120(F)|      FAST  |CSA                 |   0.000|
------------+-----------------+------------+-----------------+------------+--------------------+--------+

Clock SA<6> to Pad
------------+-----------------+------------+-----------------+------------+--------------------+--------+
            |Max (slowest) clk|  Process   |Min (fastest) clk|  Process   |                    | Clock  |
Destination |  (edge) to PAD  |   Corner   |  (edge) to PAD  |   Corner   |Internal Clock(s)   | Phase  |
------------+-----------------+------------+-----------------+------------+--------------------+--------+
INTR_A      |         5.461(F)|      SLOW  |         3.326(F)|      FAST  |INTR_A_G            |   0.000|
INTR_B      |         5.284(F)|      SLOW  |         3.234(F)|      FAST  |INTR_B_G            |   0.000|
OBF_B       |         5.682(F)|      SLOW  |         3.547(F)|      FAST  |OBF_B_G             |   0.000|
PB<0>       |         6.418(F)|      SLOW  |         4.292(F)|      FAST  |ACK_GND_1_o_AND_25_o|   0.000|
            |         5.833(F)|      SLOW  |         3.384(F)|      FAST  |CSA                 |   0.000|
PB<1>       |         6.287(F)|      SLOW  |         4.161(F)|      FAST  |ACK_GND_1_o_AND_25_o|   0.000|
            |         5.817(F)|      SLOW  |         3.368(F)|      FAST  |CSA                 |   0.000|
PB<2>       |         6.383(F)|      SLOW  |         4.257(F)|      FAST  |ACK_GND_1_o_AND_25_o|   0.000|
            |         5.830(F)|      SLOW  |         3.381(F)|      FAST  |CSA                 |   0.000|
PB<3>       |         6.254(F)|      SLOW  |         4.128(F)|      FAST  |ACK_GND_1_o_AND_25_o|   0.000|
            |         5.809(F)|      SLOW  |         3.360(F)|      FAST  |CSA                 |   0.000|
PB<4>       |         6.318(F)|      SLOW  |         4.192(F)|      FAST  |ACK_GND_1_o_AND_25_o|   0.000|
            |         5.853(F)|      SLOW  |         3.404(F)|      FAST  |CSA                 |   0.000|
PB<5>       |         6.125(F)|      SLOW  |         3.999(F)|      FAST  |ACK_GND_1_o_AND_25_o|   0.000|
            |         5.746(F)|      SLOW  |         3.297(F)|      FAST  |CSA                 |   0.000|
PB<6>       |         6.135(F)|      SLOW  |         4.009(F)|      FAST  |ACK_GND_1_o_AND_25_o|   0.000|
            |         5.885(F)|      SLOW  |         3.436(F)|      FAST  |CSA                 |   0.000|
PB<7>       |         6.113(F)|      SLOW  |         3.987(F)|      FAST  |ACK_GND_1_o_AND_25_o|   0.000|
            |         5.704(F)|      SLOW  |         3.256(F)|      FAST  |CSA                 |   0.000|
------------+-----------------+------------+-----------------+------------+--------------------+--------+

Clock SA<7> to Pad
------------+-----------------+------------+-----------------+------------+--------------------+--------+
            |Max (slowest) clk|  Process   |Min (fastest) clk|  Process   |                    | Clock  |
Destination |  (edge) to PAD  |   Corner   |  (edge) to PAD  |   Corner   |Internal Clock(s)   | Phase  |
------------+-----------------+------------+-----------------+------------+--------------------+--------+
INTR_A      |         5.515(F)|      SLOW  |         3.380(F)|      FAST  |INTR_A_G            |   0.000|
INTR_B      |         5.338(F)|      SLOW  |         3.288(F)|      FAST  |INTR_B_G            |   0.000|
OBF_B       |         5.736(F)|      SLOW  |         3.601(F)|      FAST  |OBF_B_G             |   0.000|
PB<0>       |         6.472(F)|      SLOW  |         4.346(F)|      FAST  |ACK_GND_1_o_AND_25_o|   0.000|
            |         5.887(F)|      SLOW  |         3.438(F)|      FAST  |CSA                 |   0.000|
PB<1>       |         6.341(F)|      SLOW  |         4.215(F)|      FAST  |ACK_GND_1_o_AND_25_o|   0.000|
            |         5.871(F)|      SLOW  |         3.422(F)|      FAST  |CSA                 |   0.000|
PB<2>       |         6.437(F)|      SLOW  |         4.311(F)|      FAST  |ACK_GND_1_o_AND_25_o|   0.000|
            |         5.884(F)|      SLOW  |         3.435(F)|      FAST  |CSA                 |   0.000|
PB<3>       |         6.308(F)|      SLOW  |         4.182(F)|      FAST  |ACK_GND_1_o_AND_25_o|   0.000|
            |         5.863(F)|      SLOW  |         3.414(F)|      FAST  |CSA                 |   0.000|
PB<4>       |         6.372(F)|      SLOW  |         4.246(F)|      FAST  |ACK_GND_1_o_AND_25_o|   0.000|
            |         5.907(F)|      SLOW  |         3.458(F)|      FAST  |CSA                 |   0.000|
PB<5>       |         6.179(F)|      SLOW  |         4.053(F)|      FAST  |ACK_GND_1_o_AND_25_o|   0.000|
            |         5.800(F)|      SLOW  |         3.351(F)|      FAST  |CSA                 |   0.000|
PB<6>       |         6.189(F)|      SLOW  |         4.063(F)|      FAST  |ACK_GND_1_o_AND_25_o|   0.000|
            |         5.939(F)|      SLOW  |         3.490(F)|      FAST  |CSA                 |   0.000|
PB<7>       |         6.167(F)|      SLOW  |         4.041(F)|      FAST  |ACK_GND_1_o_AND_25_o|   0.000|
            |         5.758(F)|      SLOW  |         3.310(F)|      FAST  |CSA                 |   0.000|
------------+-----------------+------------+-----------------+------------+--------------------+--------+

Clock SA<8> to Pad
------------+-----------------+------------+-----------------+------------+--------------------+--------+
            |Max (slowest) clk|  Process   |Min (fastest) clk|  Process   |                    | Clock  |
Destination |  (edge) to PAD  |   Corner   |  (edge) to PAD  |   Corner   |Internal Clock(s)   | Phase  |
------------+-----------------+------------+-----------------+------------+--------------------+--------+
INTR_A      |         5.620(F)|      SLOW  |         3.486(F)|      FAST  |INTR_A_G            |   0.000|
INTR_B      |         5.443(F)|      SLOW  |         3.394(F)|      FAST  |INTR_B_G            |   0.000|
OBF_B       |         5.841(F)|      SLOW  |         3.707(F)|      FAST  |OBF_B_G             |   0.000|
PB<0>       |         6.577(F)|      SLOW  |         4.452(F)|      FAST  |ACK_GND_1_o_AND_25_o|   0.000|
            |         5.992(F)|      SLOW  |         3.544(F)|      FAST  |CSA                 |   0.000|
PB<1>       |         6.446(F)|      SLOW  |         4.321(F)|      FAST  |ACK_GND_1_o_AND_25_o|   0.000|
            |         5.976(F)|      SLOW  |         3.528(F)|      FAST  |CSA                 |   0.000|
PB<2>       |         6.542(F)|      SLOW  |         4.417(F)|      FAST  |ACK_GND_1_o_AND_25_o|   0.000|
            |         5.989(F)|      SLOW  |         3.541(F)|      FAST  |CSA                 |   0.000|
PB<3>       |         6.413(F)|      SLOW  |         4.288(F)|      FAST  |ACK_GND_1_o_AND_25_o|   0.000|
            |         5.968(F)|      SLOW  |         3.520(F)|      FAST  |CSA                 |   0.000|
PB<4>       |         6.477(F)|      SLOW  |         4.352(F)|      FAST  |ACK_GND_1_o_AND_25_o|   0.000|
            |         6.012(F)|      SLOW  |         3.564(F)|      FAST  |CSA                 |   0.000|
PB<5>       |         6.284(F)|      SLOW  |         4.159(F)|      FAST  |ACK_GND_1_o_AND_25_o|   0.000|
            |         5.905(F)|      SLOW  |         3.457(F)|      FAST  |CSA                 |   0.000|
PB<6>       |         6.294(F)|      SLOW  |         4.169(F)|      FAST  |ACK_GND_1_o_AND_25_o|   0.000|
            |         6.044(F)|      SLOW  |         3.596(F)|      FAST  |CSA                 |   0.000|
PB<7>       |         6.272(F)|      SLOW  |         4.147(F)|      FAST  |ACK_GND_1_o_AND_25_o|   0.000|
            |         5.863(F)|      SLOW  |         3.416(F)|      FAST  |CSA                 |   0.000|
------------+-----------------+------------+-----------------+------------+--------------------+--------+

Clock SA<9> to Pad
------------+-----------------+------------+-----------------+------------+--------------------+--------+
            |Max (slowest) clk|  Process   |Min (fastest) clk|  Process   |                    | Clock  |
Destination |  (edge) to PAD  |   Corner   |  (edge) to PAD  |   Corner   |Internal Clock(s)   | Phase  |
------------+-----------------+------------+-----------------+------------+--------------------+--------+
INTR_A      |         5.624(F)|      SLOW  |         3.490(F)|      FAST  |INTR_A_G            |   0.000|
INTR_B      |         5.447(F)|      SLOW  |         3.398(F)|      FAST  |INTR_B_G            |   0.000|
OBF_B       |         5.845(F)|      SLOW  |         3.711(F)|      FAST  |OBF_B_G             |   0.000|
PB<0>       |         6.581(F)|      SLOW  |         4.456(F)|      FAST  |ACK_GND_1_o_AND_25_o|   0.000|
            |         5.996(F)|      SLOW  |         3.548(F)|      FAST  |CSA                 |   0.000|
PB<1>       |         6.450(F)|      SLOW  |         4.325(F)|      FAST  |ACK_GND_1_o_AND_25_o|   0.000|
            |         5.980(F)|      SLOW  |         3.532(F)|      FAST  |CSA                 |   0.000|
PB<2>       |         6.546(F)|      SLOW  |         4.421(F)|      FAST  |ACK_GND_1_o_AND_25_o|   0.000|
            |         5.993(F)|      SLOW  |         3.545(F)|      FAST  |CSA                 |   0.000|
PB<3>       |         6.417(F)|      SLOW  |         4.292(F)|      FAST  |ACK_GND_1_o_AND_25_o|   0.000|
            |         5.972(F)|      SLOW  |         3.524(F)|      FAST  |CSA                 |   0.000|
PB<4>       |         6.481(F)|      SLOW  |         4.356(F)|      FAST  |ACK_GND_1_o_AND_25_o|   0.000|
            |         6.016(F)|      SLOW  |         3.568(F)|      FAST  |CSA                 |   0.000|
PB<5>       |         6.288(F)|      SLOW  |         4.163(F)|      FAST  |ACK_GND_1_o_AND_25_o|   0.000|
            |         5.909(F)|      SLOW  |         3.461(F)|      FAST  |CSA                 |   0.000|
PB<6>       |         6.298(F)|      SLOW  |         4.173(F)|      FAST  |ACK_GND_1_o_AND_25_o|   0.000|
            |         6.048(F)|      SLOW  |         3.600(F)|      FAST  |CSA                 |   0.000|
PB<7>       |         6.276(F)|      SLOW  |         4.151(F)|      FAST  |ACK_GND_1_o_AND_25_o|   0.000|
            |         5.867(F)|      SLOW  |         3.420(F)|      FAST  |CSA                 |   0.000|
------------+-----------------+------------+-----------------+------------+--------------------+--------+

Clock STB to Pad
------------+-----------------+------------+-----------------+------------+------------------+--------+
            |Max (slowest) clk|  Process   |Min (fastest) clk|  Process   |                  | Clock  |
Destination |  (edge) to PAD  |   Corner   |  (edge) to PAD  |   Corner   |Internal Clock(s) | Phase  |
------------+-----------------+------------+-----------------+------------+------------------+--------+
INTR_A      |         4.723(F)|      SLOW  |         2.628(F)|      FAST  |INTR_A_G          |   0.000|
------------+-----------------+------------+-----------------+------------+------------------+--------+

Clock to Setup on destination clock ACK
---------------+---------+---------+---------+---------+
               | Src:Rise| Src:Fall| Src:Rise| Src:Fall|
Source Clock   |Dest:Rise|Dest:Rise|Dest:Fall|Dest:Fall|
---------------+---------+---------+---------+---------+
ACK            |         |         |    0.104|    1.504|
AEN            |         |         |         |    1.504|
INTE_B         |         |         |    0.047|    0.047|
IOW            |         |         |   -0.072|    1.504|
SA<0>          |         |         |         |    1.504|
SA<1>          |         |         |         |    1.504|
SA<2>          |         |         |         |    1.504|
SA<3>          |         |         |         |    1.504|
SA<4>          |         |         |         |    1.504|
SA<5>          |         |         |         |    1.504|
SA<6>          |         |         |         |    1.504|
SA<7>          |         |         |         |    1.504|
SA<8>          |         |         |         |    1.504|
SA<9>          |         |         |         |    1.504|
---------------+---------+---------+---------+---------+

Clock to Setup on destination clock AEN
---------------+---------+---------+---------+---------+
               | Src:Rise| Src:Fall| Src:Rise| Src:Fall|
Source Clock   |Dest:Rise|Dest:Rise|Dest:Fall|Dest:Fall|
---------------+---------+---------+---------+---------+
ACK            |         |         |   -1.000|    1.504|
AEN            |         |         |   -0.103|    1.504|
INTE_A         |         |         |   -1.194|   -1.194|
INTE_B         |         |         |   -1.057|   -1.057|
IOW            |         |         |   -1.176|    1.504|
SA<0>          |         |         |   -1.383|    1.504|
SA<1>          |         |         |   -0.356|    1.504|
SA<2>          |         |         |    0.038|    1.504|
SA<3>          |         |         |   -0.266|    1.504|
SA<4>          |         |         |   -0.149|    1.504|
SA<5>          |         |         |   -0.761|    1.504|
SA<6>          |         |         |   -0.625|    1.504|
SA<7>          |         |         |   -0.571|    1.504|
SA<8>          |         |         |   -0.466|    1.504|
SA<9>          |         |         |   -0.462|    1.504|
STB            |         |         |   -1.339|   -1.339|
---------------+---------+---------+---------+---------+

Clock to Setup on destination clock INTE_A
---------------+---------+---------+---------+---------+
               | Src:Rise| Src:Fall| Src:Rise| Src:Fall|
Source Clock   |Dest:Rise|Dest:Rise|Dest:Fall|Dest:Fall|
---------------+---------+---------+---------+---------+
AEN            |         |         |    0.987|    0.987|
INTE_A         |         |         |   -0.135|   -0.135|
SA<0>          |         |         |   -0.324|   -0.324|
SA<1>          |         |         |    0.734|    0.734|
SA<2>          |         |         |    1.128|    1.128|
SA<3>          |         |         |    0.824|    0.824|
SA<4>          |         |         |    0.941|    0.941|
SA<5>          |         |         |    0.329|    0.329|
SA<6>          |         |         |    0.465|    0.465|
SA<7>          |         |         |    0.519|    0.519|
SA<8>          |         |         |    0.624|    0.624|
SA<9>          |         |         |    0.628|    0.628|
STB            |         |         |   -0.279|   -0.279|
---------------+---------+---------+---------+---------+

Clock to Setup on destination clock INTE_B
---------------+---------+---------+---------+---------+
               | Src:Rise| Src:Fall| Src:Rise| Src:Fall|
Source Clock   |Dest:Rise|Dest:Rise|Dest:Fall|Dest:Fall|
---------------+---------+---------+---------+---------+
ACK            |         |         |    0.511|    1.504|
AEN            |         |         |         |    1.504|
INTE_B         |         |         |    0.454|    0.454|
IOW            |         |         |    0.335|    1.504|
SA<0>          |         |         |         |    1.504|
SA<1>          |         |         |         |    1.504|
SA<2>          |         |         |         |    1.504|
SA<3>          |         |         |         |    1.504|
SA<4>          |         |         |         |    1.504|
SA<5>          |         |         |         |    1.504|
SA<6>          |         |         |         |    1.504|
SA<7>          |         |         |         |    1.504|
SA<8>          |         |         |         |    1.504|
SA<9>          |         |         |         |    1.504|
---------------+---------+---------+---------+---------+

Clock to Setup on destination clock IOR
---------------+---------+---------+---------+---------+
               | Src:Rise| Src:Fall| Src:Rise| Src:Fall|
Source Clock   |Dest:Rise|Dest:Rise|Dest:Fall|Dest:Fall|
---------------+---------+---------+---------+---------+
AEN            |         |         |    0.981|    0.981|
INTE_A         |         |         |   -0.141|   -0.141|
SA<0>          |         |         |   -0.330|   -0.330|
SA<1>          |         |         |    0.728|    0.728|
SA<2>          |         |         |    1.122|    1.122|
SA<3>          |         |         |    0.818|    0.818|
SA<4>          |         |         |    0.935|    0.935|
SA<5>          |         |         |    0.323|    0.323|
SA<6>          |         |         |    0.459|    0.459|
SA<7>          |         |         |    0.513|    0.513|
SA<8>          |         |         |    0.618|    0.618|
SA<9>          |         |         |    0.622|    0.622|
STB            |         |         |   -0.285|   -0.285|
---------------+---------+---------+---------+---------+

Clock to Setup on destination clock IOW
---------------+---------+---------+---------+---------+
               | Src:Rise| Src:Fall| Src:Rise| Src:Fall|
Source Clock   |Dest:Rise|Dest:Rise|Dest:Fall|Dest:Fall|
---------------+---------+---------+---------+---------+
ACK            |         |         |    0.111|    1.504|
AEN            |         |         |         |    1.504|
INTE_B         |         |         |    0.054|    0.054|
IOW            |         |         |   -0.065|    1.504|
SA<0>          |         |         |         |    1.504|
SA<1>          |         |         |         |    1.504|
SA<2>          |         |         |         |    1.504|
SA<3>          |         |         |         |    1.504|
SA<4>          |         |         |         |    1.504|
SA<5>          |         |         |         |    1.504|
SA<6>          |         |         |         |    1.504|
SA<7>          |         |         |         |    1.504|
SA<8>          |         |         |         |    1.504|
SA<9>          |         |         |         |    1.504|
---------------+---------+---------+---------+---------+

Clock to Setup on destination clock SA<0>
---------------+---------+---------+---------+---------+
               | Src:Rise| Src:Fall| Src:Rise| Src:Fall|
Source Clock   |Dest:Rise|Dest:Rise|Dest:Fall|Dest:Fall|
---------------+---------+---------+---------+---------+
ACK            |         |         |    0.281|    1.504|
AEN            |         |         |    1.163|    1.504|
INTE_A         |         |         |    0.041|    0.041|
INTE_B         |         |         |    0.224|    0.224|
IOW            |         |         |    0.105|    1.504|
SA<0>          |         |         |   -0.148|    1.504|
SA<1>          |         |         |    0.910|    1.504|
SA<2>          |         |         |    1.304|    1.504|
SA<3>          |         |         |    1.000|    1.504|
SA<4>          |         |         |    1.117|    1.504|
SA<5>          |         |         |    0.505|    1.504|
SA<6>          |         |         |    0.641|    1.504|
SA<7>          |         |         |    0.695|    1.504|
SA<8>          |         |         |    0.800|    1.504|
SA<9>          |         |         |    0.804|    1.504|
STB            |         |         |   -0.103|   -0.103|
---------------+---------+---------+---------+---------+

Clock to Setup on destination clock SA<1>
---------------+---------+---------+---------+---------+
               | Src:Rise| Src:Fall| Src:Rise| Src:Fall|
Source Clock   |Dest:Rise|Dest:Rise|Dest:Fall|Dest:Fall|
---------------+---------+---------+---------+---------+
ACK            |         |         |   -0.747|    1.504|
AEN            |         |         |    0.150|    1.504|
INTE_A         |         |         |   -0.941|   -0.941|
INTE_B         |         |         |   -0.804|   -0.804|
IOW            |         |         |   -0.923|    1.504|
SA<0>          |         |         |   -1.130|    1.504|
SA<1>          |         |         |   -0.103|    1.504|
SA<2>          |         |         |    0.291|    1.504|
SA<3>          |         |         |   -0.013|    1.504|
SA<4>          |         |         |    0.104|    1.504|
SA<5>          |         |         |   -0.508|    1.504|
SA<6>          |         |         |   -0.372|    1.504|
SA<7>          |         |         |   -0.318|    1.504|
SA<8>          |         |         |   -0.213|    1.504|
SA<9>          |         |         |   -0.209|    1.504|
STB            |         |         |   -1.086|   -1.086|
---------------+---------+---------+---------+---------+

Clock to Setup on destination clock SA<2>
---------------+---------+---------+---------+---------+
               | Src:Rise| Src:Fall| Src:Rise| Src:Fall|
Source Clock   |Dest:Rise|Dest:Rise|Dest:Fall|Dest:Fall|
---------------+---------+---------+---------+---------+
ACK            |         |         |   -1.141|    1.504|
AEN            |         |         |   -0.244|    1.504|
INTE_A         |         |         |   -1.335|   -1.335|
INTE_B         |         |         |   -1.198|   -1.198|
IOW            |         |         |   -1.317|    1.504|
SA<0>          |         |         |   -1.524|    1.504|
SA<1>          |         |         |   -0.497|    1.504|
SA<2>          |         |         |   -0.103|    1.504|
SA<3>          |         |         |   -0.407|    1.504|
SA<4>          |         |         |   -0.290|    1.504|
SA<5>          |         |         |   -0.902|    1.504|
SA<6>          |         |         |   -0.766|    1.504|
SA<7>          |         |         |   -0.712|    1.504|
SA<8>          |         |         |   -0.607|    1.504|
SA<9>          |         |         |   -0.603|    1.504|
STB            |         |         |   -1.480|   -1.480|
---------------+---------+---------+---------+---------+

Clock to Setup on destination clock SA<3>
---------------+---------+---------+---------+---------+
               | Src:Rise| Src:Fall| Src:Rise| Src:Fall|
Source Clock   |Dest:Rise|Dest:Rise|Dest:Fall|Dest:Fall|
---------------+---------+---------+---------+---------+
ACK            |         |         |   -0.837|    1.504|
AEN            |         |         |    0.060|    1.504|
INTE_A         |         |         |   -1.030|   -1.030|
INTE_B         |         |         |   -0.894|   -0.894|
IOW            |         |         |   -1.013|    1.504|
SA<0>          |         |         |   -1.219|    1.504|
SA<1>          |         |         |   -0.193|    1.504|
SA<2>          |         |         |    0.201|    1.504|
SA<3>          |         |         |   -0.103|    1.504|
SA<4>          |         |         |    0.014|    1.504|
SA<5>          |         |         |   -0.598|    1.504|
SA<6>          |         |         |   -0.462|    1.504|
SA<7>          |         |         |   -0.408|    1.504|
SA<8>          |         |         |   -0.303|    1.504|
SA<9>          |         |         |   -0.299|    1.504|
STB            |         |         |   -1.175|   -1.175|
---------------+---------+---------+---------+---------+

Clock to Setup on destination clock SA<4>
---------------+---------+---------+---------+---------+
               | Src:Rise| Src:Fall| Src:Rise| Src:Fall|
Source Clock   |Dest:Rise|Dest:Rise|Dest:Fall|Dest:Fall|
---------------+---------+---------+---------+---------+
ACK            |         |         |   -0.954|    1.504|
AEN            |         |         |   -0.057|    1.504|
INTE_A         |         |         |   -1.148|   -1.148|
INTE_B         |         |         |   -1.011|   -1.011|
IOW            |         |         |   -1.130|    1.504|
SA<0>          |         |         |   -1.337|    1.504|
SA<1>          |         |         |   -0.310|    1.504|
SA<2>          |         |         |    0.084|    1.504|
SA<3>          |         |         |   -0.220|    1.504|
SA<4>          |         |         |   -0.103|    1.504|
SA<5>          |         |         |   -0.715|    1.504|
SA<6>          |         |         |   -0.579|    1.504|
SA<7>          |         |         |   -0.525|    1.504|
SA<8>          |         |         |   -0.420|    1.504|
SA<9>          |         |         |   -0.416|    1.504|
STB            |         |         |   -1.293|   -1.293|
---------------+---------+---------+---------+---------+

Clock to Setup on destination clock SA<5>
---------------+---------+---------+---------+---------+
               | Src:Rise| Src:Fall| Src:Rise| Src:Fall|
Source Clock   |Dest:Rise|Dest:Rise|Dest:Fall|Dest:Fall|
---------------+---------+---------+---------+---------+
ACK            |         |         |   -0.361|    1.504|
AEN            |         |         |    0.536|    1.504|
INTE_A         |         |         |   -0.586|   -0.586|
INTE_B         |         |         |   -0.418|   -0.418|
IOW            |         |         |   -0.537|    1.504|
SA<0>          |         |         |   -0.775|    1.504|
SA<1>          |         |         |    0.283|    1.504|
SA<2>          |         |         |    0.677|    1.504|
SA<3>          |         |         |    0.373|    1.504|
SA<4>          |         |         |    0.490|    1.504|
SA<5>          |         |         |   -0.122|    1.504|
SA<6>          |         |         |    0.014|    1.504|
SA<7>          |         |         |    0.068|    1.504|
SA<8>          |         |         |    0.173|    1.504|
SA<9>          |         |         |    0.177|    1.504|
STB            |         |         |   -0.730|   -0.730|
---------------+---------+---------+---------+---------+

Clock to Setup on destination clock SA<6>
---------------+---------+---------+---------+---------+
               | Src:Rise| Src:Fall| Src:Rise| Src:Fall|
Source Clock   |Dest:Rise|Dest:Rise|Dest:Fall|Dest:Fall|
---------------+---------+---------+---------+---------+
ACK            |         |         |   -0.496|    1.504|
AEN            |         |         |    0.401|    1.504|
INTE_A         |         |         |   -0.721|   -0.721|
INTE_B         |         |         |   -0.553|   -0.553|
IOW            |         |         |   -0.672|    1.504|
SA<0>          |         |         |   -0.910|    1.504|
SA<1>          |         |         |    0.148|    1.504|
SA<2>          |         |         |    0.542|    1.504|
SA<3>          |         |         |    0.238|    1.504|
SA<4>          |         |         |    0.355|    1.504|
SA<5>          |         |         |   -0.257|    1.504|
SA<6>          |         |         |   -0.121|    1.504|
SA<7>          |         |         |   -0.067|    1.504|
SA<8>          |         |         |    0.038|    1.504|
SA<9>          |         |         |    0.042|    1.504|
STB            |         |         |   -0.865|   -0.865|
---------------+---------+---------+---------+---------+

Clock to Setup on destination clock SA<7>
---------------+---------+---------+---------+---------+
               | Src:Rise| Src:Fall| Src:Rise| Src:Fall|
Source Clock   |Dest:Rise|Dest:Rise|Dest:Fall|Dest:Fall|
---------------+---------+---------+---------+---------+
ACK            |         |         |   -0.551|    1.504|
AEN            |         |         |    0.346|    1.504|
INTE_A         |         |         |   -0.776|   -0.776|
INTE_B         |         |         |   -0.608|   -0.608|
IOW            |         |         |   -0.727|    1.504|
SA<0>          |         |         |   -0.965|    1.504|
SA<1>          |         |         |    0.093|    1.504|
SA<2>          |         |         |    0.487|    1.504|
SA<3>          |         |         |    0.183|    1.504|
SA<4>          |         |         |    0.300|    1.504|
SA<5>          |         |         |   -0.312|    1.504|
SA<6>          |         |         |   -0.176|    1.504|
SA<7>          |         |         |   -0.122|    1.504|
SA<8>          |         |         |   -0.017|    1.504|
SA<9>          |         |         |   -0.013|    1.504|
STB            |         |         |   -0.920|   -0.920|
---------------+---------+---------+---------+---------+

Clock to Setup on destination clock SA<8>
---------------+---------+---------+---------+---------+
               | Src:Rise| Src:Fall| Src:Rise| Src:Fall|
Source Clock   |Dest:Rise|Dest:Rise|Dest:Fall|Dest:Fall|
---------------+---------+---------+---------+---------+
ACK            |         |         |   -0.656|    1.504|
AEN            |         |         |    0.241|    1.504|
INTE_A         |         |         |   -0.881|   -0.881|
INTE_B         |         |         |   -0.713|   -0.713|
IOW            |         |         |   -0.832|    1.504|
SA<0>          |         |         |   -1.070|    1.504|
SA<1>          |         |         |   -0.012|    1.504|
SA<2>          |         |         |    0.382|    1.504|
SA<3>          |         |         |    0.078|    1.504|
SA<4>          |         |         |    0.195|    1.504|
SA<5>          |         |         |   -0.417|    1.504|
SA<6>          |         |         |   -0.281|    1.504|
SA<7>          |         |         |   -0.227|    1.504|
SA<8>          |         |         |   -0.122|    1.504|
SA<9>          |         |         |   -0.118|    1.504|
STB            |         |         |   -1.025|   -1.025|
---------------+---------+---------+---------+---------+

Clock to Setup on destination clock SA<9>
---------------+---------+---------+---------+---------+
               | Src:Rise| Src:Fall| Src:Rise| Src:Fall|
Source Clock   |Dest:Rise|Dest:Rise|Dest:Fall|Dest:Fall|
---------------+---------+---------+---------+---------+
ACK            |         |         |   -0.660|    1.504|
AEN            |         |         |    0.237|    1.504|
INTE_A         |         |         |   -0.885|   -0.885|
INTE_B         |         |         |   -0.717|   -0.717|
IOW            |         |         |   -0.836|    1.504|
SA<0>          |         |         |   -1.074|    1.504|
SA<1>          |         |         |   -0.016|    1.504|
SA<2>          |         |         |    0.378|    1.504|
SA<3>          |         |         |    0.074|    1.504|
SA<4>          |         |         |    0.191|    1.504|
SA<5>          |         |         |   -0.421|    1.504|
SA<6>          |         |         |   -0.285|    1.504|
SA<7>          |         |         |   -0.231|    1.504|
SA<8>          |         |         |   -0.126|    1.504|
SA<9>          |         |         |   -0.122|    1.504|
STB            |         |         |   -1.029|   -1.029|
---------------+---------+---------+---------+---------+

Clock to Setup on destination clock STB
---------------+---------+---------+---------+---------+
               | Src:Rise| Src:Fall| Src:Rise| Src:Fall|
Source Clock   |Dest:Rise|Dest:Rise|Dest:Fall|Dest:Fall|
---------------+---------+---------+---------+---------+
AEN            |         |         |    1.120|    1.120|
INTE_A         |         |         |   -0.002|   -0.002|
SA<0>          |         |         |   -0.191|   -0.191|
SA<1>          |         |         |    0.867|    0.867|
SA<2>          |         |         |    1.261|    1.261|
SA<3>          |         |         |    0.957|    0.957|
SA<4>          |         |         |    1.074|    1.074|
SA<5>          |         |         |    0.462|    0.462|
SA<6>          |         |         |    0.598|    0.598|
SA<7>          |         |         |    0.652|    0.652|
SA<8>          |         |         |    0.757|    0.757|
SA<9>          |         |         |    0.761|    0.761|
STB            |         |         |   -0.146|   -0.146|
---------------+---------+---------+---------+---------+

Pad to Pad
---------------+---------------+---------+
Source Pad     |Destination Pad|  Delay  |
---------------+---------------+---------+
AEN            |IBF_A          |    4.687|
IOR            |IBF_A          |    3.659|
SA<0>          |IBF_A          |    3.613|
SA<1>          |IBF_A          |    4.434|
SA<2>          |IBF_A          |    4.828|
SA<3>          |IBF_A          |    4.524|
SA<4>          |IBF_A          |    4.641|
SA<5>          |IBF_A          |    4.029|
SA<6>          |IBF_A          |    4.165|
SA<7>          |IBF_A          |    4.219|
SA<8>          |IBF_A          |    4.324|
SA<9>          |IBF_A          |    4.328|
---------------+---------------+---------+


Analysis completed Mon Jun 02 18:25:22 2014 
--------------------------------------------------------------------------------

Trace Settings:
-------------------------
Trace Settings 

Peak Memory Usage: 614 MB



