--------------------------------------------------------------------------------
Release 14.7 Trace  (nt64)
Copyright (c) 1995-2013 Xilinx, Inc.  All rights reserved.

C:\Xilinx\14.7\ISE_DS\ISE\bin\nt64\unwrapped\trce.exe -intstyle ise -v 3 -s 3
-n 3 -fastpaths -xml my74ls165.twx my74ls165.ncd -o my74ls165.twr my74ls165.pcf

Design file:              my74ls165.ncd
Physical constraint file: my74ls165.pcf
Device,package,speed:     xc7a100t,csg324,C,-3 (PRODUCTION 1.10 2013-10-13)
Report level:             verbose report

Environment Variable      Effect 
--------------------      ------ 
NONE                      No environment variables were set
--------------------------------------------------------------------------------

INFO:Timing:2698 - No timing constraints found, doing default enumeration.
INFO:Timing:3412 - To improve timing, see the Timing Closure User Guide (UG612).
INFO:Timing:2752 - To get complete path coverage, use the unconstrained paths 
   option. All paths that are not constrained will be reported in the 
   unconstrained paths section(s) of the report.
INFO:Timing:3339 - The clock-to-out numbers in this timing report are based on 
   a 50 Ohm transmission line loading model.  For the details of this model, 
   and for more information on accounting for different loading conditions, 
   please see the device datasheet.



Data Sheet report:
-----------------
All values displayed in nanoseconds (ns)

Setup/Hold to clock clk
------------+------------+------------+------------+------------+------------------+--------+
            |Max Setup to|  Process   |Max Hold to |  Process   |                  | Clock  |
Source      | clk (edge) |   Corner   | clk (edge) |   Corner   |Internal Clock(s) | Phase  |
------------+------------+------------+------------+------------+------------------+--------+
SER         |   -0.344(R)|      FAST  |    2.180(R)|      SLOW  |clk_BUFGP         |   0.000|
clk_inh     |   -0.210(R)|      FAST  |    1.955(R)|      SLOW  |clk_BUFGP         |   0.000|
in<0>       |   -0.457(R)|      FAST  |    2.306(R)|      SLOW  |clk_BUFGP         |   0.000|
in<1>       |   -0.450(R)|      FAST  |    2.306(R)|      SLOW  |clk_BUFGP         |   0.000|
in<2>       |   -0.634(R)|      FAST  |    2.619(R)|      SLOW  |clk_BUFGP         |   0.000|
in<3>       |   -0.355(R)|      FAST  |    2.205(R)|      SLOW  |clk_BUFGP         |   0.000|
in<4>       |   -0.445(R)|      FAST  |    2.300(R)|      SLOW  |clk_BUFGP         |   0.000|
in<5>       |   -0.405(R)|      FAST  |    2.270(R)|      SLOW  |clk_BUFGP         |   0.000|
in<6>       |   -0.430(R)|      FAST  |    2.326(R)|      SLOW  |clk_BUFGP         |   0.000|
in<7>       |   -0.406(R)|      FAST  |    2.281(R)|      SLOW  |clk_BUFGP         |   0.000|
shld        |   -0.136(R)|      FAST  |    2.494(R)|      SLOW  |clk_BUFGP         |   0.000|
------------+------------+------------+------------+------------+------------------+--------+

Clock clk to Pad
------------+-----------------+------------+-----------------+------------+------------------+--------+
            |Max (slowest) clk|  Process   |Min (fastest) clk|  Process   |                  | Clock  |
Destination |  (edge) to PAD  |   Corner   |  (edge) to PAD  |   Corner   |Internal Clock(s) | Phase  |
------------+-----------------+------------+-----------------+------------+------------------+--------+
QH          |         7.655(R)|      SLOW  |         3.167(R)|      FAST  |clk_BUFGP         |   0.000|
QH_inv      |         7.746(R)|      SLOW  |         3.213(R)|      FAST  |clk_BUFGP         |   0.000|
------------+-----------------+------------+-----------------+------------+------------------+--------+

Clock to Setup on destination clock clk
---------------+---------+---------+---------+---------+
               | Src:Rise| Src:Fall| Src:Rise| Src:Fall|
Source Clock   |Dest:Rise|Dest:Rise|Dest:Fall|Dest:Fall|
---------------+---------+---------+---------+---------+
clk            |    0.923|         |         |         |
---------------+---------+---------+---------+---------+


Analysis completed Sun Jun 01 20:59:06 2014 
--------------------------------------------------------------------------------

Trace Settings:
-------------------------
Trace Settings 

Peak Memory Usage: 614 MB



